0 info it worked if it ends with ok
1 verbose cli [ 'c:\\Program Files\\nodejs\\node.exe',
1 verbose cli   'c:\\Program Files\\nodejs\\node_modules\\npm\\bin\\npm-cli.js',
1 verbose cli   'install',
1 verbose cli   'requirejs' ]
2 info using npm@1.4.28
3 info using node@v0.10.32
4 warn package.json jasmine@2.1.0 No README data
5 warn package.json karma-chrome-launcher@0.1.5 No README data
6 warn package.json node@0.0.0 No description
7 warn package.json node@0.0.0 No repository field.
8 warn package.json node@0.0.0 No README data
9 verbose cache add [ 'requirejs', null ]
10 verbose cache add name=undefined spec="requirejs" args=["requirejs",null]
11 verbose parsed url { protocol: null,
11 verbose parsed url   slashes: null,
11 verbose parsed url   auth: null,
11 verbose parsed url   host: null,
11 verbose parsed url   port: null,
11 verbose parsed url   hostname: null,
11 verbose parsed url   hash: null,
11 verbose parsed url   search: null,
11 verbose parsed url   query: null,
11 verbose parsed url   pathname: 'requirejs',
11 verbose parsed url   path: 'requirejs',
11 verbose parsed url   href: 'requirejs' }
12 silly lockFile f2b16c35-requirejs requirejs
13 verbose lock requirejs C:\Users\bpmos\AppData\Roaming\npm-cache\f2b16c35-requirejs.lock
14 silly lockFile f2b16c35-requirejs requirejs
15 silly lockFile f2b16c35-requirejs requirejs
16 verbose addNamed [ 'requirejs', '' ]
17 verbose addNamed [ null, '*' ]
18 silly lockFile e9b02655-requirejs requirejs@
19 verbose lock requirejs@ C:\Users\bpmos\AppData\Roaming\npm-cache\e9b02655-requirejs.lock
20 silly addNameRange { name: 'requirejs', range: '*', hasData: false }
21 verbose request where is /requirejs
22 verbose request registry https://registry.npmjs.org/
23 verbose request id 9ebfe5605f6c9012
24 verbose url raw /requirejs
25 verbose url resolving [ 'https://registry.npmjs.org/', './requirejs' ]
26 verbose url resolved https://registry.npmjs.org/requirejs
27 verbose request where is https://registry.npmjs.org/requirejs
28 info trying registry request attempt 1 at 09:56:23
29 verbose etag "BRAKXAXZ2JCATDQ72BV2I844N"
30 http GET https://registry.npmjs.org/requirejs
31 http 304 https://registry.npmjs.org/requirejs
32 silly registry.get cb [ 304,
32 silly registry.get   { date: 'Wed, 03 Dec 2014 11:56:06 GMT',
32 silly registry.get     server: 'Apache',
32 silly registry.get     via: '1.1 varnish',
32 silly registry.get     'last-modified': 'Wed, 03 Dec 2014 11:56:06 GMT',
32 silly registry.get     'cache-control': 'max-age=60',
32 silly registry.get     etag: '"BRAKXAXZ2JCATDQ72BV2I844N"',
32 silly registry.get     age: '58',
32 silly registry.get     'x-served-by': 'cache-atl6235-ATL',
32 silly registry.get     'x-cache': 'HIT',
32 silly registry.get     'x-cache-hits': '1',
32 silly registry.get     'x-timer': 'S1417607766.544047,VS0,VE1',
32 silly registry.get     vary: 'Accept',
32 silly registry.get     'content-length': '0',
32 silly registry.get     'keep-alive': 'timeout=10, max=50',
32 silly registry.get     connection: 'Keep-Alive' } ]
33 verbose etag https://registry.npmjs.org/requirejs from cache
34 silly addNameRange number 2 { name: 'requirejs', range: '*', hasData: true }
35 silly addNameRange versions [ 'requirejs',
35 silly addNameRange   [ '0.26.0',
35 silly addNameRange     '0.27.0',
35 silly addNameRange     '0.27.1',
35 silly addNameRange     '1.0.0',
35 silly addNameRange     '1.0.1',
35 silly addNameRange     '1.0.2',
35 silly addNameRange     '1.0.3',
35 silly addNameRange     '1.0.4',
35 silly addNameRange     '1.0.5',
35 silly addNameRange     '1.0.6',
35 silly addNameRange     '1.0.7',
35 silly addNameRange     '1.0.8',
35 silly addNameRange     '2.0.0',
35 silly addNameRange     '2.0.1',
35 silly addNameRange     '2.0.2',
35 silly addNameRange     '2.0.3',
35 silly addNameRange     '2.0.4',
35 silly addNameRange     '2.0.5',
35 silly addNameRange     '2.0.6',
35 silly addNameRange     '2.1.0',
35 silly addNameRange     '2.1.1',
35 silly addNameRange     '2.1.2',
35 silly addNameRange     '2.1.3',
35 silly addNameRange     '2.1.4',
35 silly addNameRange     '2.1.5',
35 silly addNameRange     '2.1.6',
35 silly addNameRange     '2.1.7',
35 silly addNameRange     '2.1.8',
35 silly addNameRange     '2.1.9',
35 silly addNameRange     '2.1.10',
35 silly addNameRange     '2.1.11',
35 silly addNameRange     '2.1.12',
35 silly addNameRange     '2.1.13',
35 silly addNameRange     '2.1.14',
35 silly addNameRange     '2.1.15' ] ]
36 verbose addNamed [ 'requirejs', '2.1.15' ]
37 verbose addNamed [ '2.1.15', '2.1.15' ]
38 silly lockFile 87818c58-requirejs-2-1-15 requirejs@2.1.15
39 verbose lock requirejs@2.1.15 C:\Users\bpmos\AppData\Roaming\npm-cache\87818c58-requirejs-2-1-15.lock
40 silly lockFile 87818c58-requirejs-2-1-15 requirejs@2.1.15
41 silly lockFile 87818c58-requirejs-2-1-15 requirejs@2.1.15
42 silly lockFile e9b02655-requirejs requirejs@
43 silly lockFile e9b02655-requirejs requirejs@
44 silly resolved [ { name: 'requirejs',
44 silly resolved     description: 'Node adapter for RequireJS, for loading AMD modules. Includes RequireJS optimizer',
44 silly resolved     version: '2.1.15',
44 silly resolved     homepage: 'http://github.com/jrburke/r.js',
44 silly resolved     author:
44 silly resolved      { name: 'James Burke',
44 silly resolved        email: 'jrburke@gmail.com',
44 silly resolved        url: 'http://github.com/jrburke' },
44 silly resolved     licenses: [ [Object], [Object] ],
44 silly resolved     repository: { type: 'git', url: 'https://github.com/jrburke/r.js.git' },
44 silly resolved     main: './bin/r.js',
44 silly resolved     bin: { 'r.js': './bin/r.js' },
44 silly resolved     engines: { node: '>=0.4.0' },
44 silly resolved     bugs: { url: 'https://github.com/jrburke/r.js/issues' },
44 silly resolved     _id: 'requirejs@2.1.15',
44 silly resolved     scripts: {},
44 silly resolved     _shasum: 'cbcfce55d584ae5983c00a20daa8eade37d18892',
44 silly resolved     _from: 'requirejs@',
44 silly resolved     _npmVersion: '1.4.14',
44 silly resolved     _npmUser: { name: 'jrburke', email: 'jrburke@gmail.com' },
44 silly resolved     maintainers: [ [Object] ],
44 silly resolved     dist:
44 silly resolved      { shasum: 'cbcfce55d584ae5983c00a20daa8eade37d18892',
44 silly resolved        tarball: 'http://registry.npmjs.org/requirejs/-/requirejs-2.1.15.tgz' },
44 silly resolved     directories: {},
44 silly resolved     _resolved: 'https://registry.npmjs.org/requirejs/-/requirejs-2.1.15.tgz',
44 silly resolved     readme: 'ERROR: No README data found!' } ]
45 info install requirejs@2.1.15 into c:\Users\bpmos\Documents\GitHub\Qualiom-hotel
46 info installOne requirejs@2.1.15
47 verbose node_modules\requirejs unbuild
48 info preuninstall requirejs@2.1.15
49 info uninstall requirejs@2.1.15
50 verbose true,c:\Users\bpmos\Documents\GitHub\Qualiom-hotel\node_modules,c:\Users\bpmos\Documents\GitHub\Qualiom-hotel\node_modules unbuild requirejs@2.1.15
51 verbose c:\Users\bpmos\Documents\GitHub\Qualiom-hotel\node_modules\.bin,[object Object] binRoot
52 info postuninstall requirejs@2.1.15
53 verbose tar unpack C:\Users\bpmos\AppData\Roaming\npm-cache\requirejs\2.1.15\package.tgz
54 silly lockFile 00343833-iom-hotel-node-modules-requirejs tar://c:\Users\bpmos\Documents\GitHub\Qualiom-hotel\node_modules\requirejs
55 verbose lock tar://c:\Users\bpmos\Documents\GitHub\Qualiom-hotel\node_modules\requirejs C:\Users\bpmos\AppData\Roaming\npm-cache\00343833-iom-hotel-node-modules-requirejs.lock
56 silly lockFile 4ea4f478-che-requirejs-2-1-15-package-tgz tar://C:\Users\bpmos\AppData\Roaming\npm-cache\requirejs\2.1.15\package.tgz
57 verbose lock tar://C:\Users\bpmos\AppData\Roaming\npm-cache\requirejs\2.1.15\package.tgz C:\Users\bpmos\AppData\Roaming\npm-cache\4ea4f478-che-requirejs-2-1-15-package-tgz.lock
58 silly gunzTarPerm modes [ '777', '666' ]
59 silly gunzTarPerm extractEntry package.json
60 silly gunzTarPerm modified mode [ 'package.json', 420, 438 ]
61 silly gunzTarPerm extractEntry README.md
62 silly gunzTarPerm modified mode [ 'README.md', 420, 438 ]
63 silly gunzTarPerm extractEntry require.js
64 silly gunzTarPerm modified mode [ 'require.js', 420, 438 ]
65 silly gunzTarPerm extractEntry bin/r.js
66 silly gunzTarPerm modified mode [ 'bin/r.js', 420, 438 ]
67 silly lockFile 00343833-iom-hotel-node-modules-requirejs tar://c:\Users\bpmos\Documents\GitHub\Qualiom-hotel\node_modules\requirejs
68 silly lockFile 00343833-iom-hotel-node-modules-requirejs tar://c:\Users\bpmos\Documents\GitHub\Qualiom-hotel\node_modules\requirejs
69 silly lockFile 4ea4f478-che-requirejs-2-1-15-package-tgz tar://C:\Users\bpmos\AppData\Roaming\npm-cache\requirejs\2.1.15\package.tgz
70 silly lockFile 4ea4f478-che-requirejs-2-1-15-package-tgz tar://C:\Users\bpmos\AppData\Roaming\npm-cache\requirejs\2.1.15\package.tgz
71 info preinstall requirejs@2.1.15
72 verbose readDependencies using package.json deps
73 verbose readDependencies using package.json deps
74 silly resolved []
75 verbose about to build c:\Users\bpmos\Documents\GitHub\Qualiom-hotel\node_modules\requirejs
76 info build c:\Users\bpmos\Documents\GitHub\Qualiom-hotel\node_modules\requirejs
77 verbose linkStuff [ false,
77 verbose linkStuff   false,
77 verbose linkStuff   false,
77 verbose linkStuff   'c:\\Users\\bpmos\\Documents\\GitHub\\Qualiom-hotel\\node_modules' ]
78 info linkStuff requirejs@2.1.15
79 verbose linkBins requirejs@2.1.15
80 verbose link bins [ { 'r.js': './bin/r.js' },
80 verbose link bins   'c:\\Users\\bpmos\\Documents\\GitHub\\Qualiom-hotel\\node_modules\\.bin',
80 verbose link bins   false ]
81 verbose linkMans requirejs@2.1.15
82 verbose rebuildBundles requirejs@2.1.15
83 info install requirejs@2.1.15
84 info postinstall requirejs@2.1.15
85 error peerinvalid The package karma-requirejs does not satisfy its siblings' peerDependencies requirements!
85 error peerinvalid Peer karma@0.10.10 wants karma-requirejs@~0.2.0
86 error System Windows_NT 6.2.9200
87 error command "c:\\Program Files\\nodejs\\node.exe" "c:\\Program Files\\nodejs\\node_modules\\npm\\bin\\npm-cli.js" "install" "requirejs"
88 error cwd c:\Users\bpmos\Documents\GitHub\Qualiom-hotel
89 error node -v v0.10.32
90 error npm -v 1.4.28
91 error code EPEERINVALID
92 verbose exit [ 1, true ]
