0 info it worked if it ends with ok
1 verbose cli [ 'c:\\nodejs\\node.exe',
1 verbose cli   'c:\\nodejs\\node_modules\\npm\\bin\\npm-cli.js',
1 verbose cli   'install',
1 verbose cli   'angular-material' ]
2 info using npm@1.4.28
3 info using node@v0.10.32
4 warn package.json grunt-selenium@0.5.13 No README data
5 verbose cache add [ 'angular-material', null ]
6 verbose cache add name=undefined spec="angular-material" args=["angular-material",null]
7 verbose parsed url { protocol: null,
7 verbose parsed url   slashes: null,
7 verbose parsed url   auth: null,
7 verbose parsed url   host: null,
7 verbose parsed url   port: null,
7 verbose parsed url   hostname: null,
7 verbose parsed url   hash: null,
7 verbose parsed url   search: null,
7 verbose parsed url   query: null,
7 verbose parsed url   pathname: 'angular-material',
7 verbose parsed url   path: 'angular-material',
7 verbose parsed url   href: 'angular-material' }
8 silly lockFile 570d18db-angular-material angular-material
9 verbose lock angular-material C:\Users\Qualiom\AppData\Roaming\npm-cache\570d18db-angular-material.lock
10 silly lockFile 570d18db-angular-material angular-material
11 silly lockFile 570d18db-angular-material angular-material
12 verbose addNamed [ 'angular-material', '' ]
13 verbose addNamed [ null, '*' ]
14 silly lockFile 680f893f-angular-material angular-material@
15 verbose lock angular-material@ C:\Users\Qualiom\AppData\Roaming\npm-cache\680f893f-angular-material.lock
16 silly addNameRange { name: 'angular-material', range: '*', hasData: false }
17 verbose request where is /angular-material
18 verbose request registry https://registry.npmjs.org/
19 verbose request id 46043f3c51a83c0d
20 verbose url raw /angular-material
21 verbose url resolving [ 'https://registry.npmjs.org/', './angular-material' ]
22 verbose url resolved https://registry.npmjs.org/angular-material
23 verbose request where is https://registry.npmjs.org/angular-material
24 info trying registry request attempt 1 at 10:15:25
25 http GET https://registry.npmjs.org/angular-material
26 http 404 https://registry.npmjs.org/angular-material
27 verbose headers { date: 'Mon, 24 Nov 2014 12:15:13 GMT',
27 verbose headers   server: 'CouchDB/1.5.0 (Erlang OTP/R16B03)',
27 verbose headers   'content-type': 'application/json',
27 verbose headers   'cache-control': 'max-age=0',
27 verbose headers   'content-length': '52',
27 verbose headers   'accept-ranges': 'bytes',
27 verbose headers   via: '1.1 varnish',
27 verbose headers   age: '0',
27 verbose headers   'x-served-by': 'cache-iad2140-IAD',
27 verbose headers   'x-cache': 'MISS',
27 verbose headers   'x-cache-hits': '0',
27 verbose headers   'x-timer': 'S1416831313.494527,VS0,VE364',
27 verbose headers   'keep-alive': 'timeout=10, max=50',
27 verbose headers   connection: 'Keep-Alive' }
28 silly registry.get cb [ 404,
28 silly registry.get   { date: 'Mon, 24 Nov 2014 12:15:13 GMT',
28 silly registry.get     server: 'CouchDB/1.5.0 (Erlang OTP/R16B03)',
28 silly registry.get     'content-type': 'application/json',
28 silly registry.get     'cache-control': 'max-age=0',
28 silly registry.get     'content-length': '52',
28 silly registry.get     'accept-ranges': 'bytes',
28 silly registry.get     via: '1.1 varnish',
28 silly registry.get     age: '0',
28 silly registry.get     'x-served-by': 'cache-iad2140-IAD',
28 silly registry.get     'x-cache': 'MISS',
28 silly registry.get     'x-cache-hits': '0',
28 silly registry.get     'x-timer': 'S1416831313.494527,VS0,VE364',
28 silly registry.get     'keep-alive': 'timeout=10, max=50',
28 silly registry.get     connection: 'Keep-Alive' } ]
29 silly lockFile 680f893f-angular-material angular-material@
30 silly lockFile 680f893f-angular-material angular-material@
31 error 404 404 Not Found: angular-material
31 error 404
31 error 404 'angular-material' is not in the npm registry.
31 error 404 You should bug the author to publish it
31 error 404
31 error 404 Note that you can also install from a
31 error 404 tarball, folder, or http url, or git url.
32 error System Windows_NT 6.2.9200
33 error command "c:\\nodejs\\node.exe" "c:\\nodejs\\node_modules\\npm\\bin\\npm-cli.js" "install" "angular-material"
34 error cwd c:\Users\Qualiom\Documents\GitHub\Qualiom-hotel\Prototipos\Angular Mat
35 error node -v v0.10.32
36 error npm -v 1.4.28
37 error code E404
38 verbose exit [ 1, true ]
