0 info it worked if it ends with ok
1 verbose cli [ 'c:\\Program Files\\nodejs\\node.exe',
1 verbose cli   'c:\\Program Files\\nodejs\\node_modules\\npm\\bin\\npm-cli.js',
1 verbose cli   'install',
1 verbose cli   '-g',
1 verbose cli   'angular-material' ]
2 info using npm@1.4.28
3 info using node@v0.10.32
4 verbose cache add [ 'angular-material', null ]
5 verbose cache add name=undefined spec="angular-material" args=["angular-material",null]
6 verbose parsed url { protocol: null,
6 verbose parsed url   slashes: null,
6 verbose parsed url   auth: null,
6 verbose parsed url   host: null,
6 verbose parsed url   port: null,
6 verbose parsed url   hostname: null,
6 verbose parsed url   hash: null,
6 verbose parsed url   search: null,
6 verbose parsed url   query: null,
6 verbose parsed url   pathname: 'angular-material',
6 verbose parsed url   path: 'angular-material',
6 verbose parsed url   href: 'angular-material' }
7 silly lockFile 570d18db-angular-material angular-material
8 verbose lock angular-material C:\Users\bpmos\AppData\Roaming\npm-cache\570d18db-angular-material.lock
9 silly lockFile 570d18db-angular-material angular-material
10 silly lockFile 570d18db-angular-material angular-material
11 verbose addNamed [ 'angular-material', '' ]
12 verbose addNamed [ null, '*' ]
13 silly lockFile 680f893f-angular-material angular-material@
14 verbose lock angular-material@ C:\Users\bpmos\AppData\Roaming\npm-cache\680f893f-angular-material.lock
15 silly addNameRange { name: 'angular-material', range: '*', hasData: false }
16 verbose request where is /angular-material
17 verbose request registry https://registry.npmjs.org/
18 verbose request id 63277a9eda420686
19 verbose url raw /angular-material
20 verbose url resolving [ 'https://registry.npmjs.org/', './angular-material' ]
21 verbose url resolved https://registry.npmjs.org/angular-material
22 verbose request where is https://registry.npmjs.org/angular-material
23 info trying registry request attempt 1 at 10:18:28
24 http GET https://registry.npmjs.org/angular-material
25 http 404 https://registry.npmjs.org/angular-material
26 verbose headers { date: 'Mon, 24 Nov 2014 12:18:17 GMT',
26 verbose headers   server: 'CouchDB/1.5.0 (Erlang OTP/R16B03)',
26 verbose headers   'content-type': 'application/json',
26 verbose headers   'cache-control': 'max-age=0',
26 verbose headers   'content-length': '52',
26 verbose headers   'accept-ranges': 'bytes',
26 verbose headers   via: '1.1 varnish',
26 verbose headers   age: '0',
26 verbose headers   'x-served-by': 'cache-atl6229-ATL',
26 verbose headers   'x-cache': 'MISS',
26 verbose headers   'x-cache-hits': '0',
26 verbose headers   'x-timer': 'S1416831497.257604,VS0,VE313',
26 verbose headers   'keep-alive': 'timeout=10, max=50',
26 verbose headers   connection: 'Keep-Alive' }
27 silly registry.get cb [ 404,
27 silly registry.get   { date: 'Mon, 24 Nov 2014 12:18:17 GMT',
27 silly registry.get     server: 'CouchDB/1.5.0 (Erlang OTP/R16B03)',
27 silly registry.get     'content-type': 'application/json',
27 silly registry.get     'cache-control': 'max-age=0',
27 silly registry.get     'content-length': '52',
27 silly registry.get     'accept-ranges': 'bytes',
27 silly registry.get     via: '1.1 varnish',
27 silly registry.get     age: '0',
27 silly registry.get     'x-served-by': 'cache-atl6229-ATL',
27 silly registry.get     'x-cache': 'MISS',
27 silly registry.get     'x-cache-hits': '0',
27 silly registry.get     'x-timer': 'S1416831497.257604,VS0,VE313',
27 silly registry.get     'keep-alive': 'timeout=10, max=50',
27 silly registry.get     connection: 'Keep-Alive' } ]
28 silly lockFile 680f893f-angular-material angular-material@
29 silly lockFile 680f893f-angular-material angular-material@
30 error 404 404 Not Found: angular-material
30 error 404
30 error 404 'angular-material' is not in the npm registry.
30 error 404 You should bug the author to publish it
30 error 404
30 error 404 Note that you can also install from a
30 error 404 tarball, folder, or http url, or git url.
31 error System Windows_NT 6.2.9200
32 error command "c:\\Program Files\\nodejs\\node.exe" "c:\\Program Files\\nodejs\\node_modules\\npm\\bin\\npm-cli.js" "install" "-g" "angular-material"
33 error cwd c:\Users\bpmos\Documents\GitHub\Qualiom-hotel\Prototipos
34 error node -v v0.10.32
35 error npm -v 1.4.28
36 error code E404
37 verbose exit [ 1, true ]
