0 info it worked if it ends with ok
1 verbose cli [ 'c:\\nodejs\\node.exe',
1 verbose cli   'c:\\nodejs\\node_modules\\npm\\bin\\npm-cli.js',
1 verbose cli   'remove',
1 verbose cli   '-g',
1 verbose cli   'webdriver-manager' ]
2 info using npm@1.4.28
3 info using node@v0.10.32
4 verbose node_modules\webdriver-manager unbuild
5 info preuninstall webdriver-manager@1.0.1
6 info uninstall webdriver-manager@1.0.1
7 verbose true,C:\Users\Qualiom\AppData\Roaming\npm\node_modules,C:\Users\Qualiom\AppData\Roaming\npm\node_modules unbuild webdriver-manager@1.0.1
8 verbose C:\Users\Qualiom\AppData\Roaming\npm,[object Object] binRoot
9 info postuninstall webdriver-manager@1.0.1
10 error Error: EBUSY, unlink 'C:\Users\Qualiom\AppData\Roaming\npm\node_modules\webdriver-manager\selenium\selenium-server-standalone-2.43.1.jar'
11 error If you need help, you may report this *entire* log,
11 error including the npm and node versions, at:
11 error     <http://github.com/npm/npm/issues>
12 error System Windows_NT 6.2.9200
13 error command "c:\\nodejs\\node.exe" "c:\\nodejs\\node_modules\\npm\\bin\\npm-cli.js" "remove" "-g" "webdriver-manager"
14 error cwd c:\Users\Qualiom\Documents\GitHub\Qualiom-hotel\Prototipos\Angular_SideNav
15 error node -v v0.10.32
16 error npm -v 1.4.28
17 error path C:\Users\Qualiom\AppData\Roaming\npm\node_modules\webdriver-manager\selenium\selenium-server-standalone-2.43.1.jar
18 error code EBUSY
19 error errno 10
20 verbose exit [ 10, true ]
